<?xml version="1.0" encoding="UTF-8"?>
<!-- Generated by org.testng.reporters.JUnitReportReporter -->
<testsuite hostname="CIPL-PC195" name="com.auto.baseClass.TC_Registration_01" tests="1" failures="0" timestamp="30 Jul 2019 05:40:23 GMT" time="7.561" errors="0">
  <testcase name="registrationTest_01" time="7.561" classname="com.auto.baseClass.TC_Registration_01"/>
</testsuite> <!-- com.auto.baseClass.TC_Registration_01 -->
