<?xml version="1.0" encoding="UTF-8"?>
<!-- Generated by org.testng.reporters.JUnitReportReporter -->
<testsuite hostname="CIPL-PC195" name="tests.Registration_Demo" tests="1" failures="0" timestamp="30 Jul 2019 05:48:19 GMT" time="7.575" errors="0">
  <testcase name="registrationTest_01" time="7.575" classname="tests.Registration_Demo"/>
</testsuite> <!-- tests.Registration_Demo -->
