<?xml version="1.0" encoding="UTF-8"?>
<!-- Generated by org.testng.reporters.JUnitReportReporter -->
<testsuite hostname="CIPL-PC195" name="com.auto.tests.TC_Registration_Shop_01" tests="1" failures="0" timestamp="30 Jul 2019 08:26:49 GMT" time="21.055" errors="0">
  <testcase name="registrationShop" time="21.055" classname="com.auto.tests.TC_Registration_Shop_01"/>
</testsuite> <!-- com.auto.tests.TC_Registration_Shop_01 -->
