<?xml version="1.0" encoding="UTF-8"?>
<!-- Generated by org.testng.reporters.JUnitReportReporter -->
<testsuite hostname="CIPL-PC195" name="com.auto.tests.Registration_Demo" tests="1" failures="0" timestamp="30 Jul 2019 08:15:49 GMT" time="7.962" errors="0">
  <testcase name="registrationTest_01" time="7.962" classname="com.auto.tests.Registration_Demo"/>
</testsuite> <!-- com.auto.tests.Registration_Demo -->
