<?xml version="1.0" encoding="UTF-8"?>
<!-- Generated by org.testng.reporters.JUnitReportReporter -->
<testsuite hostname="CIPL-PC195" name="com.auto.tests.TC_Login_02" tests="1" failures="0" timestamp="30 Jul 2019 10:24:33 GMT" time="21.965" errors="0">
  <testcase name="loginTest" time="21.965" classname="com.auto.tests.TC_Login_02"/>
</testsuite> <!-- com.auto.tests.TC_Login_02 -->
