<?xml version="1.0" encoding="UTF-8"?>
<!-- Generated by org.testng.reporters.JUnitReportReporter -->
<testsuite hostname="CIPL-PC195" name="com.auto.tests.TC_Registration_01" tests="1" failures="0" timestamp="30 Jul 2019 08:32:14 GMT" time="22.677" errors="0">
  <testcase name="registrationShop" time="22.677" classname="com.auto.tests.TC_Registration_01"/>
</testsuite> <!-- com.auto.tests.TC_Registration_01 -->
